<?xml version="1.0" encoding="UTF-8"?>
<robot generator="Robot 6.1.1 (Python 3.10.6 on win32)" generated="20240107 22:14:11.255" rpa="false" schemaversion="4">
<suite id="s1" name="Parent" source="F:\Python\RFW\testcases\parent\parent.robot">
<test id="s1-t1" name="データ駆動1" line="8">
<kw name="てすとけ～す">
<arg>${string_model}</arg>
<kw name="Print Message" library="TestFunction1">
<arg>${arg1}</arg>
<arg>${True}</arg>
<msg timestamp="20240107 22:14:11.270" level="INFO">* message = testModel
* is_enabled = True
Test Function 1 -&gt; testModel</msg>
<status status="PASS" starttime="20240107 22:14:11.269" endtime="20240107 22:14:11.270"/>
</kw>
<kw name="Has Return Value Func" library="TestFunction1">
<var>${returnValue}</var>
<arg>10</arg>
<arg>${True}</arg>
<msg timestamp="20240107 22:14:11.270" level="INFO">* i = 10
* is_enabled = True
j = 20</msg>
<msg timestamp="20240107 22:14:11.270" level="INFO">${returnValue} = 20</msg>
<status status="PASS" starttime="20240107 22:14:11.270" endtime="20240107 22:14:11.270"/>
</kw>
<kw name="てすとけ～すchild" library="child">
<arg>${returnValue}</arg>
<kw name="Print Message" library="TestFunction1">
<arg>${arg1}</arg>
<arg>${True}</arg>
<msg timestamp="20240107 22:14:11.270" level="INFO">* message = 20
* is_enabled = True
Test Function 1 -&gt; 20</msg>
<status status="PASS" starttime="20240107 22:14:11.270" endtime="20240107 22:14:11.270"/>
</kw>
<kw name="Has Return Value Func" library="TestFunction1">
<var>${returnValue}</var>
<arg>22</arg>
<arg>${True}</arg>
<msg timestamp="20240107 22:14:11.271" level="INFO">* i = 22
* is_enabled = True
j = 44</msg>
<msg timestamp="20240107 22:14:11.271" level="INFO">${returnValue} = 44</msg>
<status status="PASS" starttime="20240107 22:14:11.270" endtime="20240107 22:14:11.271"/>
</kw>
<kw name="てすとけ～すgrandchild" library="grandchild">
<arg>piyo-${returnValue}</arg>
<kw name="Print Message" library="TestFunction1">
<arg>${arg1}</arg>
<arg>${True}</arg>
<msg timestamp="20240107 22:14:11.271" level="INFO">* message = piyo-44
* is_enabled = True
Test Function 1 -&gt; piyo-44</msg>
<status status="PASS" starttime="20240107 22:14:11.271" endtime="20240107 22:14:11.271"/>
</kw>
<kw name="Print Message" library="TestFunction1">
<arg>grandchild-dayo</arg>
<arg>${True}</arg>
<msg timestamp="20240107 22:14:11.271" level="INFO">* message = grandchild-dayo
* is_enabled = True
Test Function 1 -&gt; grandchild-dayo</msg>
<status status="PASS" starttime="20240107 22:14:11.271" endtime="20240107 22:14:11.271"/>
</kw>
<status status="PASS" starttime="20240107 22:14:11.271" endtime="20240107 22:14:11.271"/>
</kw>
<kw name="Print Message" library="TestFunction1">
<arg>child-dayo</arg>
<arg>${True}</arg>
<msg timestamp="20240107 22:14:11.271" level="INFO">* message = child-dayo
* is_enabled = True
Test Function 1 -&gt; child-dayo</msg>
<status status="PASS" starttime="20240107 22:14:11.271" endtime="20240107 22:14:11.272"/>
</kw>
<status status="PASS" starttime="20240107 22:14:11.270" endtime="20240107 22:14:11.272"/>
</kw>
<status status="PASS" starttime="20240107 22:14:11.269" endtime="20240107 22:14:11.272"/>
</kw>
<status status="PASS" starttime="20240107 22:14:11.269" endtime="20240107 22:14:11.272"/>
</test>
<status status="PASS" starttime="20240107 22:14:11.256" endtime="20240107 22:14:11.272"/>
</suite>
<statistics>
<total>
<stat pass="1" fail="0" skip="0">All Tests</stat>
</total>
<tag>
</tag>
<suite>
<stat pass="1" fail="0" skip="0" id="s1" name="Parent">Parent</stat>
</suite>
</statistics>
<errors>
</errors>
</robot>
