<?xml version="1.0" encoding="UTF-8"?>
<robot generator="Robot 6.1.1 (Python 3.10.6 on win32)" generated="20240107 21:34:54.697" rpa="false" schemaversion="4">
<suite id="s1" name="Dd Variables" source="F:\Python\RFW\testcases\parent\dd_variables.robot">
<test id="s1-t1" name="データ駆動1" line="7">
<kw name="てすとけ～す">
<arg>${string_model}</arg>
<kw name="Print Message" library="TestFunction1">
<arg>${arg1}</arg>
<arg>${True}</arg>
<msg timestamp="20240107 21:34:54.717" level="INFO">* message = testModel
* is_enabled = True
Test Function 1 -&gt; testModel</msg>
<status status="PASS" starttime="20240107 21:34:54.717" endtime="20240107 21:34:54.717"/>
</kw>
<status status="PASS" starttime="20240107 21:34:54.716" endtime="20240107 21:34:54.717"/>
</kw>
<status status="PASS" starttime="20240107 21:34:54.716" endtime="20240107 21:34:54.717"/>
</test>
<test id="s1-t2" name="データ駆動2" line="8">
<kw name="てすとけ～す">
<arg>${integer_number}</arg>
<kw name="Print Message" library="TestFunction1">
<arg>${arg1}</arg>
<arg>${True}</arg>
<msg timestamp="20240107 21:34:54.718" level="INFO">* message = 123456
* is_enabled = True
Test Function 1 -&gt; 123456</msg>
<status status="PASS" starttime="20240107 21:34:54.718" endtime="20240107 21:34:54.718"/>
</kw>
<status status="PASS" starttime="20240107 21:34:54.718" endtime="20240107 21:34:54.718"/>
</kw>
<status status="PASS" starttime="20240107 21:34:54.717" endtime="20240107 21:34:54.718"/>
</test>
<test id="s1-t3" name="データ駆動3" line="9">
<kw name="てすとけ～す">
<arg>${host_dict}</arg>
<kw name="Print Message" library="TestFunction1">
<arg>${arg1}</arg>
<arg>${True}</arg>
<msg timestamp="20240107 21:34:54.719" level="INFO">* message = {'ip_address': '127.0.0.1', 'username': 'testuser', 'password': 'testpassword'}
* is_enabled = True
Test Function 1 -&gt; {'ip_address': '127.0.0.1', 'username': 'testuser', 'password': 'testpassword'}</msg>
<status status="PASS" starttime="20240107 21:34:54.719" endtime="20240107 21:34:54.719"/>
</kw>
<status status="PASS" starttime="20240107 21:34:54.719" endtime="20240107 21:34:54.719"/>
</kw>
<status status="PASS" starttime="20240107 21:34:54.718" endtime="20240107 21:34:54.719"/>
</test>
<test id="s1-t4" name="データ駆動4" line="10">
<kw name="てすとけ～す">
<arg>${host_dict.ip_address}</arg>
<kw name="Print Message" library="TestFunction1">
<arg>${arg1}</arg>
<arg>${True}</arg>
<msg timestamp="20240107 21:34:54.720" level="INFO">* message = 127.0.0.1
* is_enabled = True
Test Function 1 -&gt; 127.0.0.1</msg>
<status status="PASS" starttime="20240107 21:34:54.720" endtime="20240107 21:34:54.720"/>
</kw>
<status status="PASS" starttime="20240107 21:34:54.719" endtime="20240107 21:34:54.720"/>
</kw>
<status status="PASS" starttime="20240107 21:34:54.719" endtime="20240107 21:34:54.720"/>
</test>
<test id="s1-t5" name="データ駆動5" line="11">
<kw name="てすとけ～す">
<arg>${host_dict.username}</arg>
<kw name="Print Message" library="TestFunction1">
<arg>${arg1}</arg>
<arg>${True}</arg>
<msg timestamp="20240107 21:34:54.721" level="INFO">* message = testuser
* is_enabled = True
Test Function 1 -&gt; testuser</msg>
<status status="PASS" starttime="20240107 21:34:54.721" endtime="20240107 21:34:54.721"/>
</kw>
<status status="PASS" starttime="20240107 21:34:54.721" endtime="20240107 21:34:54.721"/>
</kw>
<status status="PASS" starttime="20240107 21:34:54.720" endtime="20240107 21:34:54.721"/>
</test>
<test id="s1-t6" name="データ駆動6" line="12">
<kw name="てすとけ～す">
<arg>${host_dict.password}</arg>
<kw name="Print Message" library="TestFunction1">
<arg>${arg1}</arg>
<arg>${True}</arg>
<msg timestamp="20240107 21:34:54.722" level="INFO">* message = testpassword
* is_enabled = True
Test Function 1 -&gt; testpassword</msg>
<status status="PASS" starttime="20240107 21:34:54.722" endtime="20240107 21:34:54.722"/>
</kw>
<status status="PASS" starttime="20240107 21:34:54.722" endtime="20240107 21:34:54.722"/>
</kw>
<status status="PASS" starttime="20240107 21:34:54.721" endtime="20240107 21:34:54.722"/>
</test>
<status status="PASS" starttime="20240107 21:34:54.698" endtime="20240107 21:34:54.723"/>
</suite>
<statistics>
<total>
<stat pass="6" fail="0" skip="0">All Tests</stat>
</total>
<tag>
</tag>
<suite>
<stat pass="6" fail="0" skip="0" id="s1" name="Dd Variables">Dd Variables</stat>
</suite>
</statistics>
<errors>
</errors>
</robot>
