<?xml version="1.0" encoding="UTF-8"?>
<robot generator="Robot 6.1.1 (Python 3.10.6 on win32)" generated="20240107 18:28:57.130" rpa="false" schemaversion="4">
<suite id="s1" name="Dd Hard Coding" source="F:\Python\RFW\testcases\parent\dd_hard_coding.robot">
<test id="s1-t1" name="データ駆動1" line="10">
<kw name="てすとけ～す">
<arg>${variable1}</arg>
<arg>2</arg>
<arg>3</arg>
<arg>4</arg>
<arg>5</arg>
<kw name="Print Message" library="TestFunction1">
<arg>${arg1}</arg>
<arg>${True}</arg>
<msg timestamp="20240107 18:28:57.142" level="INFO">* message = var1
* is_enabled = True
Test Function 1 -&gt; var1</msg>
<status status="PASS" starttime="20240107 18:28:57.142" endtime="20240107 18:28:57.143"/>
</kw>
<kw name="Print Message" library="TestFunction1">
<arg>${arg2}</arg>
<arg>${False}</arg>
<msg timestamp="20240107 18:28:57.143" level="INFO">* message = 2
* is_enabled = False</msg>
<status status="PASS" starttime="20240107 18:28:57.143" endtime="20240107 18:28:57.143"/>
</kw>
<kw name="Print Message" library="TestFunction1">
<arg>${arg3}</arg>
<arg>${True}</arg>
<msg timestamp="20240107 18:28:57.143" level="INFO">* message = 3
* is_enabled = True
Test Function 1 -&gt; 3</msg>
<status status="PASS" starttime="20240107 18:28:57.143" endtime="20240107 18:28:57.143"/>
</kw>
<kw name="Print Message" library="TestFunction1">
<arg>${arg4}</arg>
<arg>${False}</arg>
<msg timestamp="20240107 18:28:57.143" level="INFO">* message = 4
* is_enabled = False</msg>
<status status="PASS" starttime="20240107 18:28:57.143" endtime="20240107 18:28:57.143"/>
</kw>
<kw name="Print Message" library="TestFunction1">
<arg>${arg5}</arg>
<arg>${True}</arg>
<msg timestamp="20240107 18:28:57.143" level="INFO">* message = 5
* is_enabled = True
Test Function 1 -&gt; 5</msg>
<status status="PASS" starttime="20240107 18:28:57.143" endtime="20240107 18:28:57.143"/>
</kw>
<kw name="Print Message" library="TestFunction1">
<arg>1919dayo</arg>
<arg>${False}</arg>
<msg timestamp="20240107 18:28:57.143" level="INFO">* message = 1919dayo
* is_enabled = False</msg>
<status status="PASS" starttime="20240107 18:28:57.143" endtime="20240107 18:28:57.143"/>
</kw>
<status status="PASS" starttime="20240107 18:28:57.142" endtime="20240107 18:28:57.143"/>
</kw>
<status status="PASS" starttime="20240107 18:28:57.142" endtime="20240107 18:28:57.143"/>
</test>
<test id="s1-t2" name="データ駆動2" line="11">
<kw name="てすとけ～す">
<arg>${host_dict}</arg>
<arg>${host_dict}[ip]</arg>
<arg>30</arg>
<arg>40</arg>
<arg>50</arg>
<kw name="Print Message" library="TestFunction1">
<arg>${arg1}</arg>
<arg>${True}</arg>
<msg timestamp="20240107 18:28:57.144" level="INFO">* message = {'ip': '127.0.0.1', 'user': 'user', 'password': 'password'}
* is_enabled = True
Test Function 1 -&gt; {'ip': '127.0.0.1', 'user': 'user', 'password': 'password'}</msg>
<status status="PASS" starttime="20240107 18:28:57.144" endtime="20240107 18:28:57.144"/>
</kw>
<kw name="Print Message" library="TestFunction1">
<arg>${arg2}</arg>
<arg>${False}</arg>
<msg timestamp="20240107 18:28:57.144" level="INFO">* message = 127.0.0.1
* is_enabled = False</msg>
<status status="PASS" starttime="20240107 18:28:57.144" endtime="20240107 18:28:57.144"/>
</kw>
<kw name="Print Message" library="TestFunction1">
<arg>${arg3}</arg>
<arg>${True}</arg>
<msg timestamp="20240107 18:28:57.145" level="INFO">* message = 30
* is_enabled = True
Test Function 1 -&gt; 30</msg>
<status status="PASS" starttime="20240107 18:28:57.145" endtime="20240107 18:28:57.145"/>
</kw>
<kw name="Print Message" library="TestFunction1">
<arg>${arg4}</arg>
<arg>${False}</arg>
<msg timestamp="20240107 18:28:57.145" level="INFO">* message = 40
* is_enabled = False</msg>
<status status="PASS" starttime="20240107 18:28:57.145" endtime="20240107 18:28:57.145"/>
</kw>
<kw name="Print Message" library="TestFunction1">
<arg>${arg5}</arg>
<arg>${True}</arg>
<msg timestamp="20240107 18:28:57.145" level="INFO">* message = 50
* is_enabled = True
Test Function 1 -&gt; 50</msg>
<status status="PASS" starttime="20240107 18:28:57.145" endtime="20240107 18:28:57.145"/>
</kw>
<kw name="Print Message" library="TestFunction1">
<arg>1919dayo</arg>
<arg>${False}</arg>
<msg timestamp="20240107 18:28:57.145" level="INFO">* message = 1919dayo
* is_enabled = False</msg>
<status status="PASS" starttime="20240107 18:28:57.145" endtime="20240107 18:28:57.145"/>
</kw>
<status status="PASS" starttime="20240107 18:28:57.144" endtime="20240107 18:28:57.145"/>
</kw>
<status status="PASS" starttime="20240107 18:28:57.144" endtime="20240107 18:28:57.145"/>
</test>
<status status="PASS" starttime="20240107 18:28:57.131" endtime="20240107 18:28:57.146"/>
</suite>
<statistics>
<total>
<stat pass="2" fail="0" skip="0">All Tests</stat>
</total>
<tag>
</tag>
<suite>
<stat pass="2" fail="0" skip="0" id="s1" name="Dd Hard Coding">Dd Hard Coding</stat>
</suite>
</statistics>
<errors>
</errors>
</robot>
