<?xml version="1.0" encoding="UTF-8"?>
<robot generator="Robot 6.1.1 (Python 3.10.6 on win32)" generated="20240107 21:49:32.198" rpa="false" schemaversion="4">
<suite id="s1" name="Get Return Value" source="F:\Python\RFW\testcases\get_return_value.robot">
<test id="s1-t1" name="データ駆動1" line="7">
<kw name="てすとけ～す">
<arg>${string_model}</arg>
<kw name="Has Return Value Func" library="TestFunction1">
<var>${returnValue}</var>
<arg>4</arg>
<arg>${True}</arg>
<msg timestamp="20240107 21:49:32.210" level="INFO">* i = 4
* is_enabled = True
j = 8</msg>
<msg timestamp="20240107 21:49:32.210" level="INFO">${returnValue} = 8</msg>
<status status="PASS" starttime="20240107 21:49:32.210" endtime="20240107 21:49:32.210"/>
</kw>
<kw name="Run Keyword If" library="BuiltIn">
<arg>${returnValue} == 10</arg>
<arg>Print Message</arg>
<arg>${arg1}</arg>
<arg>${True}</arg>
<doc>Runs the given keyword with the given arguments, if ``condition`` is true.</doc>
<status status="PASS" starttime="20240107 21:49:32.210" endtime="20240107 21:49:32.211"/>
</kw>
<status status="PASS" starttime="20240107 21:49:32.210" endtime="20240107 21:49:32.211"/>
</kw>
<status status="PASS" starttime="20240107 21:49:32.210" endtime="20240107 21:49:32.211"/>
</test>
<status status="PASS" starttime="20240107 21:49:32.198" endtime="20240107 21:49:32.211"/>
</suite>
<statistics>
<total>
<stat pass="1" fail="0" skip="0">All Tests</stat>
</total>
<tag>
</tag>
<suite>
<stat pass="1" fail="0" skip="0" id="s1" name="Get Return Value">Get Return Value</stat>
</suite>
</statistics>
<errors>
</errors>
</robot>
