<?xml version="1.0" encoding="UTF-8"?>
<robot generator="Robot 6.1.1 (Python 3.10.6 on win32)" generated="20240107 23:19:22.627" rpa="false" schemaversion="4">
<suite id="s1" name="Parent" source="F:\Python\RFW\testcases\parent\parent.robot">
<test id="s1-t1" name="データ駆動1" line="8">
<kw name="てすとけ～す">
<arg>${string_model}</arg>
<kw name="Print Message" library="TestFunction1">
<arg>${arg1}</arg>
<arg>${True}</arg>
<doc>概要</doc>
<msg timestamp="20240107 23:19:22.648" level="INFO">* message = testModel
* is_enabled = True
Test Function 1 -&gt; testModel</msg>
<status status="PASS" starttime="20240107 23:19:22.647" endtime="20240107 23:19:22.648"/>
</kw>
<kw name="Has Return Value Func" library="TestFunction1">
<var>${returnValue}</var>
<arg>10</arg>
<arg>${True}</arg>
<doc>概要</doc>
<msg timestamp="20240107 23:19:22.648" level="INFO">* i = 10
* is_enabled = True
j = 20</msg>
<msg timestamp="20240107 23:19:22.648" level="INFO">${returnValue} = 20</msg>
<status status="PASS" starttime="20240107 23:19:22.648" endtime="20240107 23:19:22.648"/>
</kw>
<kw name="てすとけ～すchild" library="child">
<arg>${returnValue}</arg>
<kw name="Print Message" library="TestFunction1">
<arg>${arg1}</arg>
<arg>${True}</arg>
<doc>概要</doc>
<msg timestamp="20240107 23:19:22.648" level="INFO">* message = 20
* is_enabled = True
Test Function 1 -&gt; 20</msg>
<status status="PASS" starttime="20240107 23:19:22.648" endtime="20240107 23:19:22.648"/>
</kw>
<kw name="Has Return Value Func" library="TestFunction1">
<var>${returnValue}</var>
<arg>22</arg>
<arg>${True}</arg>
<doc>概要</doc>
<msg timestamp="20240107 23:19:22.648" level="INFO">* i = 22
* is_enabled = True
j = 44</msg>
<msg timestamp="20240107 23:19:22.648" level="INFO">${returnValue} = 44</msg>
<status status="PASS" starttime="20240107 23:19:22.648" endtime="20240107 23:19:22.648"/>
</kw>
<kw name="Run Keyword If" library="BuiltIn">
<arg>${returnValue} == 40</arg>
<arg>てすとけ～すgrandchild</arg>
<arg>piyo-${returnValue}</arg>
<doc>Runs the given keyword with the given arguments, if ``condition`` is true.</doc>
<status status="PASS" starttime="20240107 23:19:22.648" endtime="20240107 23:19:22.648"/>
</kw>
<kw name="Print Message" library="TestFunction1">
<arg>child-dayo</arg>
<arg>${True}</arg>
<doc>概要</doc>
<msg timestamp="20240107 23:19:22.649" level="INFO">* message = child-dayo
* is_enabled = True
Test Function 1 -&gt; child-dayo</msg>
<status status="PASS" starttime="20240107 23:19:22.649" endtime="20240107 23:19:22.649"/>
</kw>
<status status="PASS" starttime="20240107 23:19:22.648" endtime="20240107 23:19:22.649"/>
</kw>
<status status="PASS" starttime="20240107 23:19:22.647" endtime="20240107 23:19:22.649"/>
</kw>
<status status="PASS" starttime="20240107 23:19:22.647" endtime="20240107 23:19:22.649"/>
</test>
<status status="PASS" starttime="20240107 23:19:22.628" endtime="20240107 23:19:22.649"/>
</suite>
<statistics>
<total>
<stat pass="1" fail="0" skip="0">All Tests</stat>
</total>
<tag>
</tag>
<suite>
<stat pass="1" fail="0" skip="0" id="s1" name="Parent">Parent</stat>
</suite>
</statistics>
<errors>
</errors>
</robot>
