<?xml version="1.0" encoding="UTF-8"?>
<robot generator="Robot 6.1.1 (Python 3.10.6 on win32)" generated="20240107 23:55:52.316" rpa="false" schemaversion="4">
<suite id="s1" name="Setup Teardown" source="F:\Python\RFW\testcases\setup_teardown.robot">
<test id="s1-t1" name="テストだよ" line="8">
<kw name="事前準備" type="SETUP">
<arg>setup1</arg>
<arg>setup2</arg>
<kw name="Print Message" library="TestFunction1">
<arg>${arg1}</arg>
<arg>${True}</arg>
<doc>概要</doc>
<msg timestamp="20240107 23:55:52.329" level="INFO">* message = setup1
* is_enabled = True
Test Function 1 -&gt; setup1</msg>
<status status="PASS" starttime="20240107 23:55:52.328" endtime="20240107 23:55:52.329"/>
</kw>
<kw name="Print Message" library="TestFunction1">
<arg>${arg2}</arg>
<arg>${True}</arg>
<doc>概要</doc>
<msg timestamp="20240107 23:55:52.329" level="INFO">* message = setup2
* is_enabled = True
Test Function 1 -&gt; setup2</msg>
<status status="PASS" starttime="20240107 23:55:52.329" endtime="20240107 23:55:52.329"/>
</kw>
<status status="PASS" starttime="20240107 23:55:52.328" endtime="20240107 23:55:52.329"/>
</kw>
<kw name="Print Message" library="TestFunction1">
<arg>test1</arg>
<arg>${True}</arg>
<doc>概要</doc>
<msg timestamp="20240107 23:55:52.329" level="INFO">* message = test1
* is_enabled = True
Test Function 1 -&gt; test1</msg>
<status status="PASS" starttime="20240107 23:55:52.329" endtime="20240107 23:55:52.329"/>
</kw>
<kw name="Error Occurred" library="TestFunction1">
<arg>${True}</arg>
<arg>${True}</arg>
<msg timestamp="20240107 23:55:52.330" level="INFO">* generate = True
* is_enabled = True</msg>
<msg timestamp="20240107 23:55:52.330" level="FAIL">えらーだよ</msg>
<status status="FAIL" starttime="20240107 23:55:52.330" endtime="20240107 23:55:52.330"/>
</kw>
<kw name="Print Message" library="TestFunction1">
<arg>test2</arg>
<arg>${True}</arg>
<doc>概要</doc>
<status status="NOT RUN" starttime="20240107 23:55:52.330" endtime="20240107 23:55:52.330"/>
</kw>
<kw name="後処理" type="TEARDOWN">
<arg>teardown1</arg>
<arg>teardown2</arg>
<kw name="Print Message" library="TestFunction1">
<arg>${arg1}</arg>
<arg>${True}</arg>
<doc>概要</doc>
<msg timestamp="20240107 23:55:52.331" level="INFO">* message = teardown1
* is_enabled = True
Test Function 1 -&gt; teardown1</msg>
<status status="PASS" starttime="20240107 23:55:52.331" endtime="20240107 23:55:52.331"/>
</kw>
<kw name="Print Message" library="TestFunction1">
<arg>${arg2}</arg>
<arg>${True}</arg>
<doc>概要</doc>
<msg timestamp="20240107 23:55:52.331" level="INFO">* message = teardown2
* is_enabled = True
Test Function 1 -&gt; teardown2</msg>
<status status="PASS" starttime="20240107 23:55:52.331" endtime="20240107 23:55:52.331"/>
</kw>
<status status="PASS" starttime="20240107 23:55:52.331" endtime="20240107 23:55:52.331"/>
</kw>
<status status="FAIL" starttime="20240107 23:55:52.328" endtime="20240107 23:55:52.331">えらーだよ</status>
</test>
<status status="FAIL" starttime="20240107 23:55:52.316" endtime="20240107 23:55:52.332"/>
</suite>
<statistics>
<total>
<stat pass="0" fail="1" skip="0">All Tests</stat>
</total>
<tag>
</tag>
<suite>
<stat pass="0" fail="1" skip="0" id="s1" name="Setup Teardown">Setup Teardown</stat>
</suite>
</statistics>
<errors>
</errors>
</robot>
