<?xml version="1.0" encoding="UTF-8"?>
<robot generator="Robot 6.1.1 (Python 3.10.6 on win32)" generated="20240108 00:02:37.261" rpa="false" schemaversion="4">
<suite id="s1" name="Setup Teardown" source="F:\Python\RFW\testcases\setup_teardown.robot">
<test id="s1-t1" name="テストだよ" line="8">
<kw name="事前準備" type="SETUP">
<arg>setup1</arg>
<arg>setup2</arg>
<kw name="Print Message" library="TestFunction1">
<arg>${arg1}</arg>
<arg>${True}</arg>
<doc>概要</doc>
<msg timestamp="20240108 00:02:37.274" level="INFO">* message = setup1
* is_enabled = True
Test Function 1 -&gt; setup1</msg>
<status status="PASS" starttime="20240108 00:02:37.274" endtime="20240108 00:02:37.274"/>
</kw>
<kw name="Error Occurred" library="TestFunction1">
<arg>${True}</arg>
<arg>${True}</arg>
<msg timestamp="20240108 00:02:37.274" level="INFO">* generate = True
* is_enabled = True</msg>
<msg timestamp="20240108 00:02:37.274" level="FAIL">えらーだよ</msg>
<status status="FAIL" starttime="20240108 00:02:37.274" endtime="20240108 00:02:37.275"/>
</kw>
<kw name="Print Message" library="TestFunction1">
<arg>${arg2}</arg>
<arg>${True}</arg>
<doc>概要</doc>
<status status="NOT RUN" starttime="20240108 00:02:37.275" endtime="20240108 00:02:37.275"/>
</kw>
<status status="FAIL" starttime="20240108 00:02:37.274" endtime="20240108 00:02:37.275"/>
</kw>
<kw name="後処理" type="TEARDOWN">
<arg>teardown1</arg>
<arg>teardown2</arg>
<kw name="Print Message" library="TestFunction1">
<arg>${arg1}</arg>
<arg>${True}</arg>
<doc>概要</doc>
<msg timestamp="20240108 00:02:37.275" level="INFO">* message = teardown1
* is_enabled = True
Test Function 1 -&gt; teardown1</msg>
<status status="PASS" starttime="20240108 00:02:37.275" endtime="20240108 00:02:37.275"/>
</kw>
<kw name="Error Occurred" library="TestFunction1">
<arg>${True}</arg>
<arg>${True}</arg>
<msg timestamp="20240108 00:02:37.275" level="INFO">* generate = True
* is_enabled = True</msg>
<msg timestamp="20240108 00:02:37.275" level="FAIL">えらーだよ</msg>
<status status="FAIL" starttime="20240108 00:02:37.275" endtime="20240108 00:02:37.275"/>
</kw>
<kw name="Print Message" library="TestFunction1">
<arg>${arg2}</arg>
<arg>${True}</arg>
<doc>概要</doc>
<msg timestamp="20240108 00:02:37.275" level="INFO">* message = teardown2
* is_enabled = True
Test Function 1 -&gt; teardown2</msg>
<status status="PASS" starttime="20240108 00:02:37.275" endtime="20240108 00:02:37.275"/>
</kw>
<status status="FAIL" starttime="20240108 00:02:37.275" endtime="20240108 00:02:37.275">えらーだよ</status>
</kw>
<status status="FAIL" starttime="20240108 00:02:37.273" endtime="20240108 00:02:37.275">Setup failed:
えらーだよ

Also teardown failed:
えらーだよ</status>
</test>
<status status="FAIL" starttime="20240108 00:02:37.262" endtime="20240108 00:02:37.276"/>
</suite>
<statistics>
<total>
<stat pass="0" fail="1" skip="0">All Tests</stat>
</total>
<tag>
</tag>
<suite>
<stat pass="0" fail="1" skip="0" id="s1" name="Setup Teardown">Setup Teardown</stat>
</suite>
</statistics>
<errors>
</errors>
</robot>
